/******************************************************************************/
 * 开发日志
 ******************************************************************************/
 2017/12/26
     完成发送控件的“说明”按钮功能，增加“更新记录”菜单项，并实现该菜单项的基本功能！

 2017/12/26
     完成发送区域控件“打开文件”按钮的基本功能，完成“打开”菜单项的基本功能。00:31

 2017/12/22
     继续完善菜单。22:49

 2017/12/18
     设置窗口标题，设置窗口图标等。21:51

 2017/12/14
     实现数据的收发统计，包括字节统计，数据帧统计 23:21

2017/12/14
    实现发送功能（包括各种发送方式）,玛德！！！！！！！！！！！！！！19:58

2017/12/11
    取消用一个线程进行串口数据发送，用定时器定时发送
    初步实现循环发送。00:16

2017/12/07
   用线程循环发数据失败，想想其他方法算了，估计要重新设计一些组件！21:31

2017/12/07
    搞了一晚上，用线程循环发送数据没能实现，明天接着搞，另外现在的工作也遇到了问题，尼玛，手上的
    项目不知拖到什么时候才能做完，想走人了，回到大城市去！00:03

2017/12/06
    实现部分菜单及部分与菜单操作相关的功能，包括“关于软件”、“我的博客”、“GitHub”等

2017/12/04
    实现部分菜单及部分与菜单操作相关的功能

2017/11/23
    定义软件信息的相关宏
    定义软件版本信息的相关宏

2017/11/19
    完成部分菜单及其功能

2017/11/13
    整合界面，初步完成串口收发功能

2017/11/12
    整合界面

2017/11/07
    完成“发送数据”按钮的部分功能（这个按钮的功能比复杂）

2017/11/03
    初步完成帮助对话创口
    完成“发送数据”按钮的部分功能

很久很久以前-2017/11/02
    完成了数据统计区域控件的设计与实现
    完成了信息显示区域控件的设计与实现
    完成了串口操作面板控件的设计与实现
